{"total": {"lines":{"total":387,"covered":49,"skipped":0,"pct":12.66},"statements":{"total":527,"covered":60,"skipped":0,"pct":11.38},"functions":{"total":71,"covered":13,"skipped":0,"pct":18.3},"branches":{"total":267,"covered":49,"skipped":0,"pct":18.35},"branchesTrue":{"total":0,"covered":0,"skipped":0,"pct":"Unknown"}}
,"D:\\111j\\a\\analysis\\dsh-html-ui\\src\\kernel.js": {"lines":{"total":338,"covered":0,"skipped":0,"pct":0},"functions":{"total":57,"covered":0,"skipped":0,"pct":0},"statements":{"total":462,"covered":0,"skipped":0,"pct":0},"branches":{"total":207,"covered":0,"skipped":0,"pct":0}}
,"D:\\111j\\a\\analysis\\dsh-html-ui\\src\\pure.js": {"lines":{"total":49,"covered":49,"skipped":0,"pct":100},"functions":{"total":14,"covered":13,"skipped":0,"pct":92.85},"statements":{"total":65,"covered":60,"skipped":0,"pct":92.3},"branches":{"total":60,"covered":49,"skipped":0,"pct":81.66}}
}
